Línea 462: la clase TrueOleDBGrid80.TDBGrid del control grdGrilla no era una clase de control cargada.
Línea 468: el nombre de la propiedad _ExtentX de grdGrilla no es válido.
Línea 469: el nombre de la propiedad _ExtentY de grdGrilla no es válido.
Línea 470: el nombre de la propiedad _LayoutType de grdGrilla no es válido.
Línea 471: el nombre de la propiedad _RowHeight de grdGrilla no es válido.
Línea 472: el nombre de la propiedad _WasPersistedAsPixels de grdGrilla no es válido.
Línea 473: el nombre de la propiedad Columns(0)._VlistStyle de grdGrilla no es válido.
Línea 474: el nombre de la propiedad Columns(0)._MaxComboItems de grdGrilla no es válido.
Línea 475: el nombre de la propiedad Columns(0).DataField de grdGrilla no es válido.
Línea 476: el nombre de la propiedad Columns(0).NumberFormat de grdGrilla no es válido.
Línea 477: el nombre de la propiedad Columns(0)._PropDict de grdGrilla no es válido.
Línea 478: el nombre de la propiedad Columns.Count de grdGrilla no es válido.
Línea 479: el nombre de la propiedad Splits(0)._UserFlags de grdGrilla no es válido.
Línea 480: el nombre de la propiedad Splits(0).MarqueeStyle de grdGrilla no es válido.
Línea 481: el nombre de la propiedad Splits(0).RecordSelectorWidth de grdGrilla no es válido.
Línea 482: el nombre de la propiedad Splits(0)._SavedRecordSelectors de grdGrilla no es válido.
Línea 483: el nombre de la propiedad Splits(0).ScrollBars de grdGrilla no es válido.
Línea 484: el nombre de la propiedad Splits(0).AllowColSelect de grdGrilla no es válido.
Línea 485: el nombre de la propiedad Splits(0).FetchRowStyle de grdGrilla no es válido.
Línea 486: el nombre de la propiedad Splits(0).DividerStyle de grdGrilla no es válido.
Línea 487: el nombre de la propiedad Splits(0).DividerColor de grdGrilla no es válido.
Línea 488: el nombre de la propiedad Splits(0).SpringMode de grdGrilla no es válido.
Línea 489: el nombre de la propiedad Splits(0)._PropDict de grdGrilla no es válido.
Línea 490: el nombre de la propiedad Splits(0)._ColumnProps(0) de grdGrilla no es válido.
Línea 491: el nombre de la propiedad Splits(0)._ColumnProps(1) de grdGrilla no es válido.
Línea 492: el nombre de la propiedad Splits(0)._ColumnProps(2) de grdGrilla no es válido.
Línea 493: el nombre de la propiedad Splits(0)._ColumnProps(3) de grdGrilla no es válido.
Línea 494: el nombre de la propiedad Splits(0)._ColumnProps(4) de grdGrilla no es válido.
Línea 495: el nombre de la propiedad Splits(0)._ColumnProps(5) de grdGrilla no es válido.
Línea 496: el nombre de la propiedad Splits(0)._ColumnProps(6) de grdGrilla no es válido.
Línea 497: el nombre de la propiedad Splits(0)._ColumnProps(7) de grdGrilla no es válido.
Línea 498: el nombre de la propiedad Splits.Count de grdGrilla no es válido.
Línea 499: el nombre de la propiedad PrintInfos(0)._StateFlags de grdGrilla no es válido.
Línea 500: el nombre de la propiedad PrintInfos(0).Name de grdGrilla no es válido.
Línea 501: el nombre de la propiedad PrintInfos(0).PageHeaderFont de grdGrilla no es válido.
Línea 502: el nombre de la propiedad PrintInfos(0).PageFooterFont de grdGrilla no es válido.
Línea 503: el nombre de la propiedad PrintInfos(0).PageHeaderHeight de grdGrilla no es válido.
Línea 504: el nombre de la propiedad PrintInfos(0).PageFooterHeight de grdGrilla no es válido.
Línea 505: el nombre de la propiedad PrintInfos.Count de grdGrilla no es válido.
Línea 506: el nombre de la propiedad AllowUpdate de grdGrilla no es válido.
Línea 507: el nombre de la propiedad DefColWidth de grdGrilla no es válido.
Línea 508: el nombre de la propiedad HeadLines de grdGrilla no es válido.
Línea 509: el nombre de la propiedad FootLines de grdGrilla no es válido.
Línea 510: el nombre de la propiedad MultipleLines de grdGrilla no es válido.
Línea 511: el nombre de la propiedad CellTipsWidth de grdGrilla no es válido.
Línea 512: el nombre de la propiedad DeadAreaBackColor de grdGrilla no es válido.
Línea 513: el nombre de la propiedad RowDividerColor de grdGrilla no es válido.
Línea 514: el nombre de la propiedad RowSubDividerColor de grdGrilla no es válido.
Línea 515: el nombre de la propiedad DirectionAfterEnter de grdGrilla no es válido.
Línea 516: el nombre de la propiedad DirectionAfterTab de grdGrilla no es válido.
Línea 517: el nombre de la propiedad MaxRows de grdGrilla no es válido.
Línea 518: el nombre de la propiedad ViewColumnCaptionWidth de grdGrilla no es válido.
Línea 519: el nombre de la propiedad ViewColumnWidth de grdGrilla no es válido.
Línea 520: el nombre de la propiedad _PropDict de grdGrilla no es válido.
Línea 521: el nombre de la propiedad _StyleDefs(0) de grdGrilla no es válido.
Línea 522: el nombre de la propiedad _StyleDefs(1) de grdGrilla no es válido.
Línea 523: el nombre de la propiedad _StyleDefs(2) de grdGrilla no es válido.
Línea 524: el nombre de la propiedad _StyleDefs(3) de grdGrilla no es válido.
Línea 525: el nombre de la propiedad _StyleDefs(4) de grdGrilla no es válido.
Línea 526: el nombre de la propiedad _StyleDefs(5) de grdGrilla no es válido.
Línea 527: el nombre de la propiedad _StyleDefs(6) de grdGrilla no es válido.
Línea 528: el nombre de la propiedad _StyleDefs(7) de grdGrilla no es válido.
Línea 529: el nombre de la propiedad _StyleDefs(8) de grdGrilla no es válido.
Línea 530: el nombre de la propiedad _StyleDefs(9) de grdGrilla no es válido.
Línea 531: el nombre de la propiedad _StyleDefs(10) de grdGrilla no es válido.
Línea 532: el nombre de la propiedad _StyleDefs(11) de grdGrilla no es válido.
Línea 533: el nombre de la propiedad _StyleDefs(12) de grdGrilla no es válido.
Línea 534: el nombre de la propiedad _StyleDefs(13) de grdGrilla no es válido.
Línea 535: el nombre de la propiedad _StyleDefs(14) de grdGrilla no es válido.
Línea 536: el nombre de la propiedad _StyleDefs(15) de grdGrilla no es válido.
Línea 537: el nombre de la propiedad _StyleDefs(16) de grdGrilla no es válido.
Línea 538: el nombre de la propiedad _StyleDefs(17) de grdGrilla no es válido.
Línea 539: el nombre de la propiedad _StyleDefs(18) de grdGrilla no es válido.
Línea 540: el nombre de la propiedad _StyleDefs(19) de grdGrilla no es válido.
Línea 541: el nombre de la propiedad _StyleDefs(20) de grdGrilla no es válido.
Línea 542: el nombre de la propiedad _StyleDefs(21) de grdGrilla no es válido.
Línea 543: el nombre de la propiedad _StyleDefs(22) de grdGrilla no es válido.
Línea 544: el nombre de la propiedad _StyleDefs(23) de grdGrilla no es válido.
Línea 545: el nombre de la propiedad _StyleDefs(24) de grdGrilla no es válido.
Línea 546: el nombre de la propiedad _StyleDefs(25) de grdGrilla no es válido.
Línea 547: el nombre de la propiedad _StyleDefs(26) de grdGrilla no es válido.
Línea 548: el nombre de la propiedad _StyleDefs(27) de grdGrilla no es válido.
Línea 549: el nombre de la propiedad _StyleDefs(28) de grdGrilla no es válido.
Línea 550: el nombre de la propiedad _StyleDefs(29) de grdGrilla no es válido.
Línea 551: el nombre de la propiedad _StyleDefs(30) de grdGrilla no es válido.
Línea 552: el nombre de la propiedad _StyleDefs(31) de grdGrilla no es válido.
Línea 553: el nombre de la propiedad _StyleDefs(32) de grdGrilla no es válido.
Línea 554: el nombre de la propiedad _StyleDefs(33) de grdGrilla no es válido.
Línea 555: el nombre de la propiedad _StyleDefs(34) de grdGrilla no es válido.
Línea 556: el nombre de la propiedad _StyleDefs(35) de grdGrilla no es válido.
Línea 557: el nombre de la propiedad _StyleDefs(36) de grdGrilla no es válido.
Línea 558: el nombre de la propiedad _StyleDefs(37) de grdGrilla no es válido.
Línea 559: el nombre de la propiedad _StyleDefs(38) de grdGrilla no es válido.
Línea 560: el nombre de la propiedad _StyleDefs(39) de grdGrilla no es válido.
Línea 561: el nombre de la propiedad _StyleDefs(40) de grdGrilla no es válido.
Línea 562: el nombre de la propiedad _StyleDefs(41) de grdGrilla no es válido.
Línea 563: el nombre de la propiedad _StyleDefs(42) de grdGrilla no es válido.
Línea 564: el nombre de la propiedad _StyleDefs(43) de grdGrilla no es válido.
Línea 565: el nombre de la propiedad _StyleDefs(44) de grdGrilla no es válido.
Línea 566: el nombre de la propiedad _StyleDefs(45) de grdGrilla no es válido.
Línea 567: el nombre de la propiedad _StyleDefs(46) de grdGrilla no es válido.
Línea 568: el nombre de la propiedad _StyleDefs(47) de grdGrilla no es válido.
Línea 569: el nombre de la propiedad _StyleDefs(48) de grdGrilla no es válido.
Línea 570: el nombre de la propiedad _StyleDefs(49) de grdGrilla no es válido.
Línea 571: el nombre de la propiedad _StyleDefs(50) de grdGrilla no es válido.
Línea 572: el nombre de la propiedad _StyleDefs(51) de grdGrilla no es válido.
Línea 573: el nombre de la propiedad _StyleDefs(52) de grdGrilla no es válido.
Línea 574: el nombre de la propiedad _StyleDefs(53) de grdGrilla no es válido.
Línea 575: el nombre de la propiedad _StyleDefs(54) de grdGrilla no es válido.
Línea 576: el nombre de la propiedad _StyleDefs(55) de grdGrilla no es válido.
Línea 577: el nombre de la propiedad _StyleDefs(56) de grdGrilla no es válido.
Línea 578: el nombre de la propiedad _StyleDefs(57) de grdGrilla no es válido.
Línea 579: el nombre de la propiedad _StyleDefs(58) de grdGrilla no es válido.
Línea 580: el nombre de la propiedad _StyleDefs(59) de grdGrilla no es válido.
Línea 581: el nombre de la propiedad _StyleDefs(60) de grdGrilla no es válido.
Línea 582: el nombre de la propiedad _StyleDefs(61) de grdGrilla no es válido.
Línea 583: el nombre de la propiedad _StyleDefs(62) de grdGrilla no es válido.
Línea 584: el nombre de la propiedad _StyleDefs(63) de grdGrilla no es válido.
Línea 585: el nombre de la propiedad _StyleDefs(64) de grdGrilla no es válido.
Línea 586: el nombre de la propiedad _StyleDefs(65) de grdGrilla no es válido.
Línea 587: el nombre de la propiedad _StyleDefs(66) de grdGrilla no es válido.
Línea 588: el nombre de la propiedad _StyleDefs(67) de grdGrilla no es válido.
Línea 589: el nombre de la propiedad _StyleDefs(68) de grdGrilla no es válido.
Línea 590: el nombre de la propiedad _StyleDefs(69) de grdGrilla no es válido.
