Línea 107: la clase MSComDlg.CommonDialog del control cmdSave no era una clase de control cargada.
Línea 295: la clase MSComCtl2.DTPicker del control dtpFecFin no era una clase de control cargada.
Línea 316: la clase MSComCtl2.DTPicker del control dtpFecIni no era una clase de control cargada.
Línea 337: la clase MSComCtl2.DTPicker del control dtpHorIni no era una clase de control cargada.
Línea 360: la clase MSComCtl2.DTPicker del control dtpHorFin no era una clase de control cargada.
Línea 383: la clase MSDataListLib.DataCombo del control cboEntrega no era una clase de control cargada.
Línea 409: la clase MSDataListLib.DataCombo del control cboCancelacion no era una clase de control cargada.
Línea 453: la clase MSDataListLib.DataCombo del control cboCanalVenta no era una clase de control cargada.
Línea 110: el nombre de la propiedad _ExtentX de cmdSave no es válido.
Línea 111: el nombre de la propiedad _ExtentY de cmdSave no es válido.
Línea 112: el nombre de la propiedad _Version de cmdSave no es válido.
Línea 301: el nombre de la propiedad _ExtentX de dtpFecFin no es válido.
Línea 302: el nombre de la propiedad _ExtentY de dtpFecFin no es válido.
Línea 303: el nombre de la propiedad _Version de dtpFecFin no es válido.
Línea 313: el nombre de la propiedad Format de dtpFecFin no es válido.
Línea 314: el nombre de la propiedad CurrentDate de dtpFecFin no es válido.
Línea 322: el nombre de la propiedad _ExtentX de dtpFecIni no es válido.
Línea 323: el nombre de la propiedad _ExtentY de dtpFecIni no es válido.
Línea 324: el nombre de la propiedad _Version de dtpFecIni no es válido.
Línea 334: el nombre de la propiedad Format de dtpFecIni no es válido.
Línea 335: el nombre de la propiedad CurrentDate de dtpFecIni no es válido.
Línea 343: el nombre de la propiedad _ExtentX de dtpHorIni no es válido.
Línea 344: el nombre de la propiedad _ExtentY de dtpHorIni no es válido.
Línea 345: el nombre de la propiedad _Version de dtpHorIni no es válido.
Línea 355: el nombre de la propiedad CustomFormat de dtpHorIni no es válido.
Línea 356: el nombre de la propiedad Format de dtpHorIni no es válido.
Línea 357: el nombre de la propiedad UpDown de dtpHorIni no es válido.
Línea 358: el nombre de la propiedad CurrentDate de dtpHorIni no es válido.
Línea 366: el nombre de la propiedad _ExtentX de dtpHorFin no es válido.
Línea 367: el nombre de la propiedad _ExtentY de dtpHorFin no es válido.
Línea 368: el nombre de la propiedad _Version de dtpHorFin no es válido.
Línea 378: el nombre de la propiedad CustomFormat de dtpHorFin no es válido.
Línea 379: el nombre de la propiedad Format de dtpHorFin no es válido.
Línea 380: el nombre de la propiedad UpDown de dtpHorFin no es válido.
Línea 381: el nombre de la propiedad CurrentDate de dtpHorFin no es válido.
Línea 389: el nombre de la propiedad _ExtentX de cboEntrega no es válido.
Línea 390: el nombre de la propiedad _ExtentY de cboEntrega no es válido.
Línea 391: el nombre de la propiedad _Version de cboEntrega no es válido.
Línea 393: el nombre de la propiedad MatchEntry de cboEntrega no es válido.
Línea 394: el nombre de la propiedad Style de cboEntrega no es válido.
Línea 396: el nombre de la propiedad ListField de cboEntrega no es válido.
Línea 397: el nombre de la propiedad BoundColumn de cboEntrega no es válido.
Línea 398: el nombre de la propiedad Text de cboEntrega no es válido.
Línea 415: el nombre de la propiedad _ExtentX de cboCancelacion no es válido.
Línea 416: el nombre de la propiedad _ExtentY de cboCancelacion no es válido.
Línea 417: el nombre de la propiedad _Version de cboCancelacion no es válido.
Línea 419: el nombre de la propiedad MatchEntry de cboCancelacion no es válido.
Línea 420: el nombre de la propiedad Style de cboCancelacion no es válido.
Línea 422: el nombre de la propiedad ListField de cboCancelacion no es válido.
Línea 423: el nombre de la propiedad BoundColumn de cboCancelacion no es válido.
Línea 424: el nombre de la propiedad Text de cboCancelacion no es válido.
Línea 459: el nombre de la propiedad _ExtentX de cboCanalVenta no es válido.
Línea 460: el nombre de la propiedad _ExtentY de cboCanalVenta no es válido.
Línea 461: el nombre de la propiedad _Version de cboCanalVenta no es válido.
Línea 463: el nombre de la propiedad MatchEntry de cboCanalVenta no es válido.
Línea 464: el nombre de la propiedad Style de cboCanalVenta no es válido.
Línea 466: el nombre de la propiedad ListField de cboCanalVenta no es válido.
Línea 467: el nombre de la propiedad BoundColumn de cboCanalVenta no es válido.
Línea 468: el nombre de la propiedad Text de cboCanalVenta no es válido.
