Línea 1179: la clase MSWinsockLib.Winsock del control WinSock no era una clase de control cargada.
Línea 1414: la clase TrueOleDBGrid80.TDBGrid del control grdCombo no era una clase de control cargada.
Línea 1995: la clase TrueOleDBGrid80.TDBGrid del control grdDetalle no era una clase de control cargada.
Línea 2124: la clase TrueOleDBGrid80.TDBGrid del control grdCabecera no era una clase de control cargada.
Línea 1182: el nombre de la propiedad _ExtentX de WinSock no es válido.
Línea 1183: el nombre de la propiedad _ExtentY de WinSock no es válido.
Línea 1184: el nombre de la propiedad _Version de WinSock no es válido.
Línea 1420: el nombre de la propiedad _ExtentX de grdCombo no es válido.
Línea 1421: el nombre de la propiedad _ExtentY de grdCombo no es válido.
Línea 1422: el nombre de la propiedad _LayoutType de grdCombo no es válido.
Línea 1423: el nombre de la propiedad _RowHeight de grdCombo no es válido.
Línea 1424: el nombre de la propiedad _WasPersistedAsPixels de grdCombo no es válido.
Línea 1425: el nombre de la propiedad Columns(0)._VlistStyle de grdCombo no es válido.
Línea 1426: el nombre de la propiedad Columns(0)._MaxComboItems de grdCombo no es válido.
Línea 1427: el nombre de la propiedad Columns(0).DataField de grdCombo no es válido.
Línea 1428: el nombre de la propiedad Columns(0).NumberFormat de grdCombo no es válido.
Línea 1429: el nombre de la propiedad Columns(0)._PropDict de grdCombo no es válido.
Línea 1430: el nombre de la propiedad Columns.Count de grdCombo no es válido.
Línea 1431: el nombre de la propiedad Splits(0)._UserFlags de grdCombo no es válido.
Línea 1432: el nombre de la propiedad Splits(0).MarqueeStyle de grdCombo no es válido.
Línea 1433: el nombre de la propiedad Splits(0).RecordSelectorWidth de grdCombo no es válido.
Línea 1434: el nombre de la propiedad Splits(0)._SavedRecordSelectors de grdCombo no es válido.
Línea 1435: el nombre de la propiedad Splits(0).ScrollBars de grdCombo no es válido.
Línea 1436: el nombre de la propiedad Splits(0).AllowColSelect de grdCombo no es válido.
Línea 1437: el nombre de la propiedad Splits(0).FetchRowStyle de grdCombo no es válido.
Línea 1438: el nombre de la propiedad Splits(0).DividerStyle de grdCombo no es válido.
Línea 1439: el nombre de la propiedad Splits(0).DividerColor de grdCombo no es válido.
Línea 1440: el nombre de la propiedad Splits(0).SpringMode de grdCombo no es válido.
Línea 1441: el nombre de la propiedad Splits(0)._PropDict de grdCombo no es válido.
Línea 1442: el nombre de la propiedad Splits(0)._ColumnProps(0) de grdCombo no es válido.
Línea 1443: el nombre de la propiedad Splits(0)._ColumnProps(1) de grdCombo no es válido.
Línea 1444: el nombre de la propiedad Splits(0)._ColumnProps(2) de grdCombo no es válido.
Línea 1445: el nombre de la propiedad Splits(0)._ColumnProps(3) de grdCombo no es válido.
Línea 1446: el nombre de la propiedad Splits(0)._ColumnProps(4) de grdCombo no es válido.
Línea 1447: el nombre de la propiedad Splits(0)._ColumnProps(5) de grdCombo no es válido.
Línea 1448: el nombre de la propiedad Splits(0)._ColumnProps(6) de grdCombo no es válido.
Línea 1449: el nombre de la propiedad Splits(0)._ColumnProps(7) de grdCombo no es válido.
Línea 1450: el nombre de la propiedad Splits.Count de grdCombo no es válido.
Línea 1451: el nombre de la propiedad PrintInfos(0)._StateFlags de grdCombo no es válido.
Línea 1452: el nombre de la propiedad PrintInfos(0).Name de grdCombo no es válido.
Línea 1453: el nombre de la propiedad PrintInfos(0).PageHeaderFont de grdCombo no es válido.
Línea 1454: el nombre de la propiedad PrintInfos(0).PageFooterFont de grdCombo no es válido.
Línea 1455: el nombre de la propiedad PrintInfos(0).PageHeaderHeight de grdCombo no es válido.
Línea 1456: el nombre de la propiedad PrintInfos(0).PageFooterHeight de grdCombo no es válido.
Línea 1457: el nombre de la propiedad PrintInfos.Count de grdCombo no es válido.
Línea 1458: el nombre de la propiedad AllowUpdate de grdCombo no es válido.
Línea 1459: el nombre de la propiedad DefColWidth de grdCombo no es válido.
Línea 1460: el nombre de la propiedad HeadLines de grdCombo no es válido.
Línea 1461: el nombre de la propiedad FootLines de grdCombo no es válido.
Línea 1462: el nombre de la propiedad MultipleLines de grdCombo no es válido.
Línea 1463: el nombre de la propiedad CellTipsWidth de grdCombo no es válido.
Línea 1464: el nombre de la propiedad DeadAreaBackColor de grdCombo no es válido.
Línea 1465: el nombre de la propiedad RowDividerColor de grdCombo no es válido.
Línea 1466: el nombre de la propiedad RowSubDividerColor de grdCombo no es válido.
Línea 1467: el nombre de la propiedad DirectionAfterEnter de grdCombo no es válido.
Línea 1468: el nombre de la propiedad DirectionAfterTab de grdCombo no es válido.
Línea 1469: el nombre de la propiedad MaxRows de grdCombo no es válido.
Línea 1470: el nombre de la propiedad ViewColumnCaptionWidth de grdCombo no es válido.
Línea 1471: el nombre de la propiedad ViewColumnWidth de grdCombo no es válido.
Línea 1472: el nombre de la propiedad _PropDict de grdCombo no es válido.
Línea 1473: el nombre de la propiedad _StyleDefs(0) de grdCombo no es válido.
Línea 1474: el nombre de la propiedad _StyleDefs(1) de grdCombo no es válido.
Línea 1475: el nombre de la propiedad _StyleDefs(2) de grdCombo no es válido.
Línea 1476: el nombre de la propiedad _StyleDefs(3) de grdCombo no es válido.
Línea 1477: el nombre de la propiedad _StyleDefs(4) de grdCombo no es válido.
Línea 1478: el nombre de la propiedad _StyleDefs(5) de grdCombo no es válido.
Línea 1479: el nombre de la propiedad _StyleDefs(6) de grdCombo no es válido.
Línea 1480: el nombre de la propiedad _StyleDefs(7) de grdCombo no es válido.
Línea 1481: el nombre de la propiedad _StyleDefs(8) de grdCombo no es válido.
Línea 1482: el nombre de la propiedad _StyleDefs(9) de grdCombo no es válido.
Línea 1483: el nombre de la propiedad _StyleDefs(10) de grdCombo no es válido.
Línea 1484: el nombre de la propiedad _StyleDefs(11) de grdCombo no es válido.
Línea 1485: el nombre de la propiedad _StyleDefs(12) de grdCombo no es válido.
Línea 1486: el nombre de la propiedad _StyleDefs(13) de grdCombo no es válido.
Línea 1487: el nombre de la propiedad _StyleDefs(14) de grdCombo no es válido.
Línea 1488: el nombre de la propiedad _StyleDefs(15) de grdCombo no es válido.
Línea 1489: el nombre de la propiedad _StyleDefs(16) de grdCombo no es válido.
Línea 1490: el nombre de la propiedad _StyleDefs(17) de grdCombo no es válido.
Línea 1491: el nombre de la propiedad _StyleDefs(18) de grdCombo no es válido.
Línea 1492: el nombre de la propiedad _StyleDefs(19) de grdCombo no es válido.
Línea 1493: el nombre de la propiedad _StyleDefs(20) de grdCombo no es válido.
Línea 1494: el nombre de la propiedad _StyleDefs(21) de grdCombo no es válido.
Línea 1495: el nombre de la propiedad _StyleDefs(22) de grdCombo no es válido.
Línea 1496: el nombre de la propiedad _StyleDefs(23) de grdCombo no es válido.
Línea 1497: el nombre de la propiedad _StyleDefs(24) de grdCombo no es válido.
Línea 1498: el nombre de la propiedad _StyleDefs(25) de grdCombo no es válido.
Línea 1499: el nombre de la propiedad _StyleDefs(26) de grdCombo no es válido.
Línea 1500: el nombre de la propiedad _StyleDefs(27) de grdCombo no es válido.
Línea 1501: el nombre de la propiedad _StyleDefs(28) de grdCombo no es válido.
Línea 1502: el nombre de la propiedad _StyleDefs(29) de grdCombo no es válido.
Línea 1503: el nombre de la propiedad _StyleDefs(30) de grdCombo no es válido.
Línea 1504: el nombre de la propiedad _StyleDefs(31) de grdCombo no es válido.
Línea 1505: el nombre de la propiedad _StyleDefs(32) de grdCombo no es válido.
Línea 1506: el nombre de la propiedad _StyleDefs(33) de grdCombo no es válido.
Línea 1507: el nombre de la propiedad _StyleDefs(34) de grdCombo no es válido.
Línea 1508: el nombre de la propiedad _StyleDefs(35) de grdCombo no es válido.
Línea 1509: el nombre de la propiedad _StyleDefs(36) de grdCombo no es válido.
Línea 1510: el nombre de la propiedad _StyleDefs(37) de grdCombo no es válido.
Línea 1511: el nombre de la propiedad _StyleDefs(38) de grdCombo no es válido.
Línea 1512: el nombre de la propiedad _StyleDefs(39) de grdCombo no es válido.
Línea 1513: el nombre de la propiedad _StyleDefs(40) de grdCombo no es válido.
Línea 1514: el nombre de la propiedad _StyleDefs(41) de grdCombo no es válido.
Línea 1515: el nombre de la propiedad _StyleDefs(42) de grdCombo no es válido.
Línea 1516: el nombre de la propiedad _StyleDefs(43) de grdCombo no es válido.
Línea 1517: el nombre de la propiedad _StyleDefs(44) de grdCombo no es válido.
Línea 1518: el nombre de la propiedad _StyleDefs(45) de grdCombo no es válido.
Línea 1519: el nombre de la propiedad _StyleDefs(46) de grdCombo no es válido.
Línea 1520: el nombre de la propiedad _StyleDefs(47) de grdCombo no es válido.
Línea 1521: el nombre de la propiedad _StyleDefs(48) de grdCombo no es válido.
Línea 1522: el nombre de la propiedad _StyleDefs(49) de grdCombo no es válido.
Línea 1523: el nombre de la propiedad _StyleDefs(50) de grdCombo no es válido.
Línea 1524: el nombre de la propiedad _StyleDefs(51) de grdCombo no es válido.
Línea 1525: el nombre de la propiedad _StyleDefs(52) de grdCombo no es válido.
Línea 1526: el nombre de la propiedad _StyleDefs(53) de grdCombo no es válido.
Línea 1527: el nombre de la propiedad _StyleDefs(54) de grdCombo no es válido.
Línea 1528: el nombre de la propiedad _StyleDefs(55) de grdCombo no es válido.
Línea 1529: el nombre de la propiedad _StyleDefs(56) de grdCombo no es válido.
Línea 1530: el nombre de la propiedad _StyleDefs(57) de grdCombo no es válido.
Línea 1531: el nombre de la propiedad _StyleDefs(58) de grdCombo no es válido.
Línea 1532: el nombre de la propiedad _StyleDefs(59) de grdCombo no es válido.
Línea 1533: el nombre de la propiedad _StyleDefs(60) de grdCombo no es válido.
Línea 1534: el nombre de la propiedad _StyleDefs(61) de grdCombo no es válido.
Línea 1535: el nombre de la propiedad _StyleDefs(62) de grdCombo no es válido.
Línea 1536: el nombre de la propiedad _StyleDefs(63) de grdCombo no es válido.
Línea 1537: el nombre de la propiedad _StyleDefs(64) de grdCombo no es válido.
Línea 1538: el nombre de la propiedad _StyleDefs(65) de grdCombo no es válido.
Línea 1539: el nombre de la propiedad _StyleDefs(66) de grdCombo no es válido.
Línea 1540: el nombre de la propiedad _StyleDefs(67) de grdCombo no es válido.
Línea 2001: el nombre de la propiedad _ExtentX de grdDetalle no es válido.
Línea 2002: el nombre de la propiedad _ExtentY de grdDetalle no es válido.
Línea 2003: el nombre de la propiedad _LayoutType de grdDetalle no es válido.
Línea 2004: el nombre de la propiedad _RowHeight de grdDetalle no es válido.
Línea 2005: el nombre de la propiedad _WasPersistedAsPixels de grdDetalle no es válido.
Línea 2006: el nombre de la propiedad Columns(0)._VlistStyle de grdDetalle no es válido.
Línea 2007: el nombre de la propiedad Columns(0)._MaxComboItems de grdDetalle no es válido.
Línea 2008: el nombre de la propiedad Columns(0).DataField de grdDetalle no es válido.
Línea 2009: el nombre de la propiedad Columns(0).NumberFormat de grdDetalle no es válido.
Línea 2010: el nombre de la propiedad Columns(0)._PropDict de grdDetalle no es válido.
Línea 2011: el nombre de la propiedad Columns.Count de grdDetalle no es válido.
Línea 2012: el nombre de la propiedad Splits(0)._UserFlags de grdDetalle no es válido.
Línea 2013: el nombre de la propiedad Splits(0).AnchorRightColumn de grdDetalle no es válido.
Línea 2014: el nombre de la propiedad Splits(0).MarqueeStyle de grdDetalle no es válido.
Línea 2015: el nombre de la propiedad Splits(0).RecordSelectorWidth de grdDetalle no es válido.
Línea 2016: el nombre de la propiedad Splits(0)._SavedRecordSelectors de grdDetalle no es válido.
Línea 2017: el nombre de la propiedad Splits(0).ScrollBars de grdDetalle no es válido.
Línea 2018: el nombre de la propiedad Splits(0).AllowColSelect de grdDetalle no es válido.
Línea 2019: el nombre de la propiedad Splits(0).FetchRowStyle de grdDetalle no es válido.
Línea 2020: el nombre de la propiedad Splits(0).DividerStyle de grdDetalle no es válido.
Línea 2021: el nombre de la propiedad Splits(0).DividerColor de grdDetalle no es válido.
Línea 2022: el nombre de la propiedad Splits(0).SpringMode de grdDetalle no es válido.
Línea 2023: el nombre de la propiedad Splits(0)._PropDict de grdDetalle no es válido.
Línea 2024: el nombre de la propiedad Splits(0)._ColumnProps(0) de grdDetalle no es válido.
Línea 2025: el nombre de la propiedad Splits(0)._ColumnProps(1) de grdDetalle no es válido.
Línea 2026: el nombre de la propiedad Splits(0)._ColumnProps(2) de grdDetalle no es válido.
Línea 2027: el nombre de la propiedad Splits(0)._ColumnProps(3) de grdDetalle no es válido.
Línea 2028: el nombre de la propiedad Splits(0)._ColumnProps(4) de grdDetalle no es válido.
Línea 2029: el nombre de la propiedad Splits(0)._ColumnProps(5) de grdDetalle no es válido.
Línea 2030: el nombre de la propiedad Splits(0)._ColumnProps(6) de grdDetalle no es válido.
Línea 2031: el nombre de la propiedad Splits(0)._ColumnProps(7) de grdDetalle no es válido.
Línea 2032: el nombre de la propiedad Splits.Count de grdDetalle no es válido.
Línea 2033: el nombre de la propiedad PrintInfos(0)._StateFlags de grdDetalle no es válido.
Línea 2034: el nombre de la propiedad PrintInfos(0).Name de grdDetalle no es válido.
Línea 2035: el nombre de la propiedad PrintInfos(0).PageHeaderFont de grdDetalle no es válido.
Línea 2036: el nombre de la propiedad PrintInfos(0).PageFooterFont de grdDetalle no es válido.
Línea 2037: el nombre de la propiedad PrintInfos(0).PageHeaderHeight de grdDetalle no es válido.
Línea 2038: el nombre de la propiedad PrintInfos(0).PageFooterHeight de grdDetalle no es válido.
Línea 2039: el nombre de la propiedad PrintInfos.Count de grdDetalle no es válido.
Línea 2040: el nombre de la propiedad AllowUpdate de grdDetalle no es válido.
Línea 2041: el nombre de la propiedad DefColWidth de grdDetalle no es válido.
Línea 2042: el nombre de la propiedad HeadLines de grdDetalle no es válido.
Línea 2043: el nombre de la propiedad FootLines de grdDetalle no es válido.
Línea 2044: el nombre de la propiedad MultipleLines de grdDetalle no es válido.
Línea 2045: el nombre de la propiedad CellTipsWidth de grdDetalle no es válido.
Línea 2046: el nombre de la propiedad DeadAreaBackColor de grdDetalle no es válido.
Línea 2047: el nombre de la propiedad RowDividerColor de grdDetalle no es válido.
Línea 2048: el nombre de la propiedad RowSubDividerColor de grdDetalle no es válido.
Línea 2049: el nombre de la propiedad DirectionAfterEnter de grdDetalle no es válido.
Línea 2050: el nombre de la propiedad DirectionAfterTab de grdDetalle no es válido.
Línea 2051: el nombre de la propiedad MaxRows de grdDetalle no es válido.
Línea 2052: el nombre de la propiedad ViewColumnCaptionWidth de grdDetalle no es válido.
Línea 2053: el nombre de la propiedad ViewColumnWidth de grdDetalle no es válido.
Línea 2054: el nombre de la propiedad _PropDict de grdDetalle no es válido.
Línea 2055: el nombre de la propiedad _StyleDefs(0) de grdDetalle no es válido.
Línea 2056: el nombre de la propiedad _StyleDefs(1) de grdDetalle no es válido.
Línea 2057: el nombre de la propiedad _StyleDefs(2) de grdDetalle no es válido.
Línea 2058: el nombre de la propiedad _StyleDefs(3) de grdDetalle no es válido.
Línea 2059: el nombre de la propiedad _StyleDefs(4) de grdDetalle no es válido.
Línea 2060: el nombre de la propiedad _StyleDefs(5) de grdDetalle no es válido.
Línea 2061: el nombre de la propiedad _StyleDefs(6) de grdDetalle no es válido.
Línea 2062: el nombre de la propiedad _StyleDefs(7) de grdDetalle no es válido.
Línea 2063: el nombre de la propiedad _StyleDefs(8) de grdDetalle no es válido.
Línea 2064: el nombre de la propiedad _StyleDefs(9) de grdDetalle no es válido.
Línea 2065: el nombre de la propiedad _StyleDefs(10) de grdDetalle no es válido.
Línea 2066: el nombre de la propiedad _StyleDefs(11) de grdDetalle no es válido.
Línea 2067: el nombre de la propiedad _StyleDefs(12) de grdDetalle no es válido.
Línea 2068: el nombre de la propiedad _StyleDefs(13) de grdDetalle no es válido.
Línea 2069: el nombre de la propiedad _StyleDefs(14) de grdDetalle no es válido.
Línea 2070: el nombre de la propiedad _StyleDefs(15) de grdDetalle no es válido.
Línea 2071: el nombre de la propiedad _StyleDefs(16) de grdDetalle no es válido.
Línea 2072: el nombre de la propiedad _StyleDefs(17) de grdDetalle no es válido.
Línea 2073: el nombre de la propiedad _StyleDefs(18) de grdDetalle no es válido.
Línea 2074: el nombre de la propiedad _StyleDefs(19) de grdDetalle no es válido.
Línea 2075: el nombre de la propiedad _StyleDefs(20) de grdDetalle no es válido.
Línea 2076: el nombre de la propiedad _StyleDefs(21) de grdDetalle no es válido.
Línea 2077: el nombre de la propiedad _StyleDefs(22) de grdDetalle no es válido.
Línea 2078: el nombre de la propiedad _StyleDefs(23) de grdDetalle no es válido.
Línea 2079: el nombre de la propiedad _StyleDefs(24) de grdDetalle no es válido.
Línea 2080: el nombre de la propiedad _StyleDefs(25) de grdDetalle no es válido.
Línea 2081: el nombre de la propiedad _StyleDefs(26) de grdDetalle no es válido.
Línea 2082: el nombre de la propiedad _StyleDefs(27) de grdDetalle no es válido.
Línea 2083: el nombre de la propiedad _StyleDefs(28) de grdDetalle no es válido.
Línea 2084: el nombre de la propiedad _StyleDefs(29) de grdDetalle no es válido.
Línea 2085: el nombre de la propiedad _StyleDefs(30) de grdDetalle no es válido.
Línea 2086: el nombre de la propiedad _StyleDefs(31) de grdDetalle no es válido.
Línea 2087: el nombre de la propiedad _StyleDefs(32) de grdDetalle no es válido.
Línea 2088: el nombre de la propiedad _StyleDefs(33) de grdDetalle no es válido.
Línea 2089: el nombre de la propiedad _StyleDefs(34) de grdDetalle no es válido.
Línea 2090: el nombre de la propiedad _StyleDefs(35) de grdDetalle no es válido.
Línea 2091: el nombre de la propiedad _StyleDefs(36) de grdDetalle no es válido.
Línea 2092: el nombre de la propiedad _StyleDefs(37) de grdDetalle no es válido.
Línea 2093: el nombre de la propiedad _StyleDefs(38) de grdDetalle no es válido.
Línea 2094: el nombre de la propiedad _StyleDefs(39) de grdDetalle no es válido.
Línea 2095: el nombre de la propiedad _StyleDefs(40) de grdDetalle no es válido.
Línea 2096: el nombre de la propiedad _StyleDefs(41) de grdDetalle no es válido.
Línea 2097: el nombre de la propiedad _StyleDefs(42) de grdDetalle no es válido.
Línea 2098: el nombre de la propiedad _StyleDefs(43) de grdDetalle no es válido.
Línea 2099: el nombre de la propiedad _StyleDefs(44) de grdDetalle no es válido.
Línea 2100: el nombre de la propiedad _StyleDefs(45) de grdDetalle no es válido.
Línea 2101: el nombre de la propiedad _StyleDefs(46) de grdDetalle no es válido.
Línea 2102: el nombre de la propiedad _StyleDefs(47) de grdDetalle no es válido.
Línea 2103: el nombre de la propiedad _StyleDefs(48) de grdDetalle no es válido.
Línea 2104: el nombre de la propiedad _StyleDefs(49) de grdDetalle no es válido.
Línea 2105: el nombre de la propiedad _StyleDefs(50) de grdDetalle no es válido.
Línea 2106: el nombre de la propiedad _StyleDefs(51) de grdDetalle no es válido.
Línea 2107: el nombre de la propiedad _StyleDefs(52) de grdDetalle no es válido.
Línea 2108: el nombre de la propiedad _StyleDefs(53) de grdDetalle no es válido.
Línea 2109: el nombre de la propiedad _StyleDefs(54) de grdDetalle no es válido.
Línea 2110: el nombre de la propiedad _StyleDefs(55) de grdDetalle no es válido.
Línea 2111: el nombre de la propiedad _StyleDefs(56) de grdDetalle no es válido.
Línea 2112: el nombre de la propiedad _StyleDefs(57) de grdDetalle no es válido.
Línea 2113: el nombre de la propiedad _StyleDefs(58) de grdDetalle no es válido.
Línea 2114: el nombre de la propiedad _StyleDefs(59) de grdDetalle no es válido.
Línea 2115: el nombre de la propiedad _StyleDefs(60) de grdDetalle no es válido.
Línea 2116: el nombre de la propiedad _StyleDefs(61) de grdDetalle no es válido.
Línea 2117: el nombre de la propiedad _StyleDefs(62) de grdDetalle no es válido.
Línea 2118: el nombre de la propiedad _StyleDefs(63) de grdDetalle no es válido.
Línea 2119: el nombre de la propiedad _StyleDefs(64) de grdDetalle no es válido.
Línea 2120: el nombre de la propiedad _StyleDefs(65) de grdDetalle no es válido.
Línea 2121: el nombre de la propiedad _StyleDefs(66) de grdDetalle no es válido.
Línea 2122: el nombre de la propiedad _StyleDefs(67) de grdDetalle no es válido.
Línea 2130: el nombre de la propiedad _ExtentX de grdCabecera no es válido.
Línea 2131: el nombre de la propiedad _ExtentY de grdCabecera no es válido.
Línea 2132: el nombre de la propiedad _LayoutType de grdCabecera no es válido.
Línea 2133: el nombre de la propiedad _RowHeight de grdCabecera no es válido.
Línea 2134: el nombre de la propiedad _WasPersistedAsPixels de grdCabecera no es válido.
Línea 2135: el nombre de la propiedad Columns(0)._VlistStyle de grdCabecera no es válido.
Línea 2136: el nombre de la propiedad Columns(0)._MaxComboItems de grdCabecera no es válido.
Línea 2137: el nombre de la propiedad Columns(0).DataField de grdCabecera no es válido.
Línea 2138: el nombre de la propiedad Columns(0).NumberFormat de grdCabecera no es válido.
Línea 2139: el nombre de la propiedad Columns(0)._PropDict de grdCabecera no es válido.
Línea 2140: el nombre de la propiedad Columns.Count de grdCabecera no es válido.
Línea 2141: el nombre de la propiedad Splits(0)._UserFlags de grdCabecera no es válido.
Línea 2142: el nombre de la propiedad Splits(0).MarqueeStyle de grdCabecera no es válido.
Línea 2143: el nombre de la propiedad Splits(0).RecordSelectorWidth de grdCabecera no es válido.
Línea 2144: el nombre de la propiedad Splits(0)._SavedRecordSelectors de grdCabecera no es válido.
Línea 2145: el nombre de la propiedad Splits(0).ScrollBars de grdCabecera no es válido.
Línea 2146: el nombre de la propiedad Splits(0).AllowColSelect de grdCabecera no es válido.
Línea 2147: el nombre de la propiedad Splits(0).FetchRowStyle de grdCabecera no es válido.
Línea 2148: el nombre de la propiedad Splits(0).DividerStyle de grdCabecera no es válido.
Línea 2149: el nombre de la propiedad Splits(0).DividerColor de grdCabecera no es válido.
Línea 2150: el nombre de la propiedad Splits(0).SpringMode de grdCabecera no es válido.
Línea 2151: el nombre de la propiedad Splits(0)._PropDict de grdCabecera no es válido.
Línea 2152: el nombre de la propiedad Splits(0)._ColumnProps(0) de grdCabecera no es válido.
Línea 2153: el nombre de la propiedad Splits(0)._ColumnProps(1) de grdCabecera no es válido.
Línea 2154: el nombre de la propiedad Splits(0)._ColumnProps(2) de grdCabecera no es válido.
Línea 2155: el nombre de la propiedad Splits(0)._ColumnProps(3) de grdCabecera no es válido.
Línea 2156: el nombre de la propiedad Splits(0)._ColumnProps(4) de grdCabecera no es válido.
Línea 2157: el nombre de la propiedad Splits(0)._ColumnProps(5) de grdCabecera no es válido.
Línea 2158: el nombre de la propiedad Splits(0)._ColumnProps(6) de grdCabecera no es válido.
Línea 2159: el nombre de la propiedad Splits(0)._ColumnProps(7) de grdCabecera no es válido.
Línea 2160: el nombre de la propiedad Splits.Count de grdCabecera no es válido.
Línea 2161: el nombre de la propiedad PrintInfos(0)._StateFlags de grdCabecera no es válido.
Línea 2162: el nombre de la propiedad PrintInfos(0).Name de grdCabecera no es válido.
Línea 2163: el nombre de la propiedad PrintInfos(0).PageHeaderFont de grdCabecera no es válido.
Línea 2164: el nombre de la propiedad PrintInfos(0).PageFooterFont de grdCabecera no es válido.
Línea 2165: el nombre de la propiedad PrintInfos(0).PageHeaderHeight de grdCabecera no es válido.
Línea 2166: el nombre de la propiedad PrintInfos(0).PageFooterHeight de grdCabecera no es válido.
Línea 2167: el nombre de la propiedad PrintInfos.Count de grdCabecera no es válido.
Línea 2168: el nombre de la propiedad AllowUpdate de grdCabecera no es válido.
Línea 2169: el nombre de la propiedad DefColWidth de grdCabecera no es válido.
Línea 2170: el nombre de la propiedad HeadLines de grdCabecera no es válido.
Línea 2171: el nombre de la propiedad FootLines de grdCabecera no es válido.
Línea 2172: el nombre de la propiedad Caption de grdCabecera no es válido.
Línea 2173: el nombre de la propiedad MultipleLines de grdCabecera no es válido.
Línea 2174: el nombre de la propiedad CellTipsWidth de grdCabecera no es válido.
Línea 2175: el nombre de la propiedad DeadAreaBackColor de grdCabecera no es válido.
Línea 2176: el nombre de la propiedad RowDividerColor de grdCabecera no es válido.
Línea 2177: el nombre de la propiedad RowSubDividerColor de grdCabecera no es válido.
Línea 2178: el nombre de la propiedad DirectionAfterEnter de grdCabecera no es válido.
Línea 2179: el nombre de la propiedad DirectionAfterTab de grdCabecera no es válido.
Línea 2180: el nombre de la propiedad MaxRows de grdCabecera no es válido.
Línea 2181: el nombre de la propiedad ViewColumnCaptionWidth de grdCabecera no es válido.
Línea 2182: el nombre de la propiedad ViewColumnWidth de grdCabecera no es válido.
Línea 2183: el nombre de la propiedad _PropDict de grdCabecera no es válido.
Línea 2184: el nombre de la propiedad _StyleDefs(0) de grdCabecera no es válido.
Línea 2185: el nombre de la propiedad _StyleDefs(1) de grdCabecera no es válido.
Línea 2186: el nombre de la propiedad _StyleDefs(2) de grdCabecera no es válido.
Línea 2187: el nombre de la propiedad _StyleDefs(3) de grdCabecera no es válido.
Línea 2188: el nombre de la propiedad _StyleDefs(4) de grdCabecera no es válido.
Línea 2189: el nombre de la propiedad _StyleDefs(5) de grdCabecera no es válido.
Línea 2190: el nombre de la propiedad _StyleDefs(6) de grdCabecera no es válido.
Línea 2191: el nombre de la propiedad _StyleDefs(7) de grdCabecera no es válido.
Línea 2192: el nombre de la propiedad _StyleDefs(8) de grdCabecera no es válido.
Línea 2193: el nombre de la propiedad _StyleDefs(9) de grdCabecera no es válido.
Línea 2194: el nombre de la propiedad _StyleDefs(10) de grdCabecera no es válido.
Línea 2195: el nombre de la propiedad _StyleDefs(11) de grdCabecera no es válido.
Línea 2196: el nombre de la propiedad _StyleDefs(12) de grdCabecera no es válido.
Línea 2197: el nombre de la propiedad _StyleDefs(13) de grdCabecera no es válido.
Línea 2198: el nombre de la propiedad _StyleDefs(14) de grdCabecera no es válido.
Línea 2199: el nombre de la propiedad _StyleDefs(15) de grdCabecera no es válido.
Línea 2200: el nombre de la propiedad _StyleDefs(16) de grdCabecera no es válido.
Línea 2201: el nombre de la propiedad _StyleDefs(17) de grdCabecera no es válido.
Línea 2202: el nombre de la propiedad _StyleDefs(18) de grdCabecera no es válido.
Línea 2203: el nombre de la propiedad _StyleDefs(19) de grdCabecera no es válido.
Línea 2204: el nombre de la propiedad _StyleDefs(20) de grdCabecera no es válido.
Línea 2205: el nombre de la propiedad _StyleDefs(21) de grdCabecera no es válido.
Línea 2206: el nombre de la propiedad _StyleDefs(22) de grdCabecera no es válido.
Línea 2207: el nombre de la propiedad _StyleDefs(23) de grdCabecera no es válido.
Línea 2208: el nombre de la propiedad _StyleDefs(24) de grdCabecera no es válido.
Línea 2209: el nombre de la propiedad _StyleDefs(25) de grdCabecera no es válido.
Línea 2210: el nombre de la propiedad _StyleDefs(26) de grdCabecera no es válido.
Línea 2211: el nombre de la propiedad _StyleDefs(27) de grdCabecera no es válido.
Línea 2212: el nombre de la propiedad _StyleDefs(28) de grdCabecera no es válido.
Línea 2213: el nombre de la propiedad _StyleDefs(29) de grdCabecera no es válido.
Línea 2214: el nombre de la propiedad _StyleDefs(30) de grdCabecera no es válido.
Línea 2215: el nombre de la propiedad _StyleDefs(31) de grdCabecera no es válido.
Línea 2216: el nombre de la propiedad _StyleDefs(32) de grdCabecera no es válido.
Línea 2217: el nombre de la propiedad _StyleDefs(33) de grdCabecera no es válido.
Línea 2218: el nombre de la propiedad _StyleDefs(34) de grdCabecera no es válido.
Línea 2219: el nombre de la propiedad _StyleDefs(35) de grdCabecera no es válido.
Línea 2220: el nombre de la propiedad _StyleDefs(36) de grdCabecera no es válido.
Línea 2221: el nombre de la propiedad _StyleDefs(37) de grdCabecera no es válido.
Línea 2222: el nombre de la propiedad _StyleDefs(38) de grdCabecera no es válido.
Línea 2223: el nombre de la propiedad _StyleDefs(39) de grdCabecera no es válido.
Línea 2224: el nombre de la propiedad _StyleDefs(40) de grdCabecera no es válido.
Línea 2225: el nombre de la propiedad _StyleDefs(41) de grdCabecera no es válido.
Línea 2226: el nombre de la propiedad _StyleDefs(42) de grdCabecera no es válido.
Línea 2227: el nombre de la propiedad _StyleDefs(43) de grdCabecera no es válido.
Línea 2228: el nombre de la propiedad _StyleDefs(44) de grdCabecera no es válido.
Línea 2229: el nombre de la propiedad _StyleDefs(45) de grdCabecera no es válido.
Línea 2230: el nombre de la propiedad _StyleDefs(46) de grdCabecera no es válido.
Línea 2231: el nombre de la propiedad _StyleDefs(47) de grdCabecera no es válido.
Línea 2232: el nombre de la propiedad _StyleDefs(48) de grdCabecera no es válido.
Línea 2233: el nombre de la propiedad _StyleDefs(49) de grdCabecera no es válido.
Línea 2234: el nombre de la propiedad _StyleDefs(50) de grdCabecera no es válido.
Línea 2235: el nombre de la propiedad _StyleDefs(51) de grdCabecera no es válido.
Línea 2236: el nombre de la propiedad _StyleDefs(52) de grdCabecera no es válido.
Línea 2237: el nombre de la propiedad _StyleDefs(53) de grdCabecera no es válido.
Línea 2238: el nombre de la propiedad _StyleDefs(54) de grdCabecera no es válido.
Línea 2239: el nombre de la propiedad _StyleDefs(55) de grdCabecera no es válido.
Línea 2240: el nombre de la propiedad _StyleDefs(56) de grdCabecera no es válido.
Línea 2241: el nombre de la propiedad _StyleDefs(57) de grdCabecera no es válido.
Línea 2242: el nombre de la propiedad _StyleDefs(58) de grdCabecera no es válido.
Línea 2243: el nombre de la propiedad _StyleDefs(59) de grdCabecera no es válido.
Línea 2244: el nombre de la propiedad _StyleDefs(60) de grdCabecera no es válido.
Línea 2245: el nombre de la propiedad _StyleDefs(61) de grdCabecera no es válido.
Línea 2246: el nombre de la propiedad _StyleDefs(62) de grdCabecera no es válido.
Línea 2247: el nombre de la propiedad _StyleDefs(63) de grdCabecera no es válido.
Línea 2248: el nombre de la propiedad _StyleDefs(64) de grdCabecera no es válido.
Línea 2249: el nombre de la propiedad _StyleDefs(65) de grdCabecera no es válido.
Línea 2250: el nombre de la propiedad _StyleDefs(66) de grdCabecera no es válido.
Línea 2251: el nombre de la propiedad _StyleDefs(67) de grdCabecera no es válido.
